<?xml version="1.0" encoding="UTF-8"?>
<testsuite xmlns:xsi="http://www.w3.org/2001/XMLSchema-instance" xsi:noNamespaceSchemaLocation="https://maven.apache.org/surefire/maven-surefire-plugin/xsd/surefire-test-report-3.0.xsd" version="3.0" name="com.adorablecat.catbooks.auth.CatBooksAuthApplicationTests" time="1.702" tests="1" errors="0" skipped="0" failures="0">
  <properties>
    <property name="java.specification.version" value="17"/>
    <property name="sun.cpu.isalist" value="amd64"/>
    <property name="sun.jnu.encoding" value="GBK"/>
    <property name="java.class.path" value="D:\project\cat-books\cat-books-auth\target\test-classes;D:\project\cat-books\cat-books-auth\target\classes;D:\download\mavenRepository\org\springframework\boot\spring-boot-starter-web\3.0.2\spring-boot-starter-web-3.0.2.jar;D:\download\mavenRepository\org\springframework\boot\spring-boot-starter\3.0.2\spring-boot-starter-3.0.2.jar;D:\download\mavenRepository\org\springframework\boot\spring-boot\3.0.2\spring-boot-3.0.2.jar;D:\download\mavenRepository\org\springframework\boot\spring-boot-autoconfigure\3.0.2\spring-boot-autoconfigure-3.0.2.jar;D:\download\mavenRepository\org\springframework\boot\spring-boot-starter-logging\3.0.2\spring-boot-starter-logging-3.0.2.jar;D:\download\mavenRepository\ch\qos\logback\logback-classic\1.4.5\logback-classic-1.4.5.jar;D:\download\mavenRepository\ch\qos\logback\logback-core\1.4.5\logback-core-1.4.5.jar;D:\download\mavenRepository\org\apache\logging\log4j\log4j-to-slf4j\2.19.0\log4j-to-slf4j-2.19.0.jar;D:\download\mavenRepository\org\apache\logging\log4j\log4j-api\2.19.0\log4j-api-2.19.0.jar;D:\download\mavenRepository\org\slf4j\jul-to-slf4j\2.0.6\jul-to-slf4j-2.0.6.jar;D:\download\mavenRepository\jakarta\annotation\jakarta.annotation-api\2.1.1\jakarta.annotation-api-2.1.1.jar;D:\download\mavenRepository\org\yaml\snakeyaml\1.33\snakeyaml-1.33.jar;D:\download\mavenRepository\org\springframework\boot\spring-boot-starter-json\3.0.2\spring-boot-starter-json-3.0.2.jar;D:\download\mavenRepository\com\fasterxml\jackson\core\jackson-databind\2.14.1\jackson-databind-2.14.1.jar;D:\download\mavenRepository\com\fasterxml\jackson\core\jackson-annotations\2.14.1\jackson-annotations-2.14.1.jar;D:\download\mavenRepository\com\fasterxml\jackson\core\jackson-core\2.14.1\jackson-core-2.14.1.jar;D:\download\mavenRepository\com\fasterxml\jackson\datatype\jackson-datatype-jdk8\2.14.1\jackson-datatype-jdk8-2.14.1.jar;D:\download\mavenRepository\com\fasterxml\jackson\datatype\jackson-datatype-jsr310\2.14.1\jackson-datatype-jsr310-2.14.1.jar;D:\download\mavenRepository\com\fasterxml\jackson\module\jackson-module-parameter-names\2.14.1\jackson-module-parameter-names-2.14.1.jar;D:\download\mavenRepository\org\springframework\boot\spring-boot-starter-tomcat\3.0.2\spring-boot-starter-tomcat-3.0.2.jar;D:\download\mavenRepository\org\apache\tomcat\embed\tomcat-embed-core\10.1.5\tomcat-embed-core-10.1.5.jar;D:\download\mavenRepository\org\apache\tomcat\embed\tomcat-embed-el\10.1.5\tomcat-embed-el-10.1.5.jar;D:\download\mavenRepository\org\apache\tomcat\embed\tomcat-embed-websocket\10.1.5\tomcat-embed-websocket-10.1.5.jar;D:\download\mavenRepository\org\springframework\spring-web\6.0.4\spring-web-6.0.4.jar;D:\download\mavenRepository\org\springframework\spring-beans\6.0.4\spring-beans-6.0.4.jar;D:\download\mavenRepository\io\micrometer\micrometer-observation\1.10.3\micrometer-observation-1.10.3.jar;D:\download\mavenRepository\io\micrometer\micrometer-commons\1.10.3\micrometer-commons-1.10.3.jar;D:\download\mavenRepository\org\springframework\spring-webmvc\6.0.4\spring-webmvc-6.0.4.jar;D:\download\mavenRepository\org\springframework\spring-aop\6.0.4\spring-aop-6.0.4.jar;D:\download\mavenRepository\org\springframework\spring-context\6.0.4\spring-context-6.0.4.jar;D:\download\mavenRepository\org\springframework\spring-expression\6.0.4\spring-expression-6.0.4.jar;D:\download\mavenRepository\org\springframework\boot\spring-boot-starter-test\3.0.2\spring-boot-starter-test-3.0.2.jar;D:\download\mavenRepository\org\springframework\boot\spring-boot-test\3.0.2\spring-boot-test-3.0.2.jar;D:\download\mavenRepository\org\springframework\boot\spring-boot-test-autoconfigure\3.0.2\spring-boot-test-autoconfigure-3.0.2.jar;D:\download\mavenRepository\com\jayway\jsonpath\json-path\2.7.0\json-path-2.7.0.jar;D:\download\mavenRepository\net\minidev\json-smart\2.4.8\json-smart-2.4.8.jar;D:\download\mavenRepository\net\minidev\accessors-smart\2.4.8\accessors-smart-2.4.8.jar;D:\download\mavenRepository\org\ow2\asm\asm\9.1\asm-9.1.jar;D:\download\mavenRepository\org\slf4j\slf4j-api\2.0.6\slf4j-api-2.0.6.jar;D:\download\mavenRepository\jakarta\xml\bind\jakarta.xml.bind-api\4.0.0\jakarta.xml.bind-api-4.0.0.jar;D:\download\mavenRepository\jakarta\activation\jakarta.activation-api\2.1.1\jakarta.activation-api-2.1.1.jar;D:\download\mavenRepository\org\assertj\assertj-core\3.23.1\assertj-core-3.23.1.jar;D:\download\mavenRepository\net\bytebuddy\byte-buddy\1.12.22\byte-buddy-1.12.22.jar;D:\download\mavenRepository\org\hamcrest\hamcrest\2.2\hamcrest-2.2.jar;D:\download\mavenRepository\org\junit\jupiter\junit-jupiter\5.9.2\junit-jupiter-5.9.2.jar;D:\download\mavenRepository\org\junit\jupiter\junit-jupiter-api\5.9.2\junit-jupiter-api-5.9.2.jar;D:\download\mavenRepository\org\opentest4j\opentest4j\1.2.0\opentest4j-1.2.0.jar;D:\download\mavenRepository\org\junit\platform\junit-platform-commons\1.9.2\junit-platform-commons-1.9.2.jar;D:\download\mavenRepository\org\apiguardian\apiguardian-api\1.1.2\apiguardian-api-1.1.2.jar;D:\download\mavenRepository\org\junit\jupiter\junit-jupiter-params\5.9.2\junit-jupiter-params-5.9.2.jar;D:\download\mavenRepository\org\junit\jupiter\junit-jupiter-engine\5.9.2\junit-jupiter-engine-5.9.2.jar;D:\download\mavenRepository\org\junit\platform\junit-platform-engine\1.9.2\junit-platform-engine-1.9.2.jar;D:\download\mavenRepository\org\mockito\mockito-core\4.8.1\mockito-core-4.8.1.jar;D:\download\mavenRepository\net\bytebuddy\byte-buddy-agent\1.12.22\byte-buddy-agent-1.12.22.jar;D:\download\mavenRepository\org\objenesis\objenesis\3.2\objenesis-3.2.jar;D:\download\mavenRepository\org\mockito\mockito-junit-jupiter\4.8.1\mockito-junit-jupiter-4.8.1.jar;D:\download\mavenRepository\org\skyscreamer\jsonassert\1.5.1\jsonassert-1.5.1.jar;D:\download\mavenRepository\com\vaadin\external\google\android-json\0.0.20131108.vaadin1\android-json-0.0.20131108.vaadin1.jar;D:\download\mavenRepository\org\springframework\spring-core\6.0.4\spring-core-6.0.4.jar;D:\download\mavenRepository\org\springframework\spring-jcl\6.0.4\spring-jcl-6.0.4.jar;D:\download\mavenRepository\org\springframework\spring-test\6.0.4\spring-test-6.0.4.jar;D:\download\mavenRepository\org\xmlunit\xmlunit-core\2.9.1\xmlunit-core-2.9.1.jar;"/>
    <property name="java.vm.vendor" value="Oracle Corporation"/>
    <property name="sun.arch.data.model" value="64"/>
    <property name="user.variant" value=""/>
    <property name="java.vendor.url" value="https://java.oracle.com/"/>
    <property name="user.timezone" value="Asia/Shanghai"/>
    <property name="os.name" value="Windows 10"/>
    <property name="java.vm.specification.version" value="17"/>
    <property name="sun.java.launcher" value="SUN_STANDARD"/>
    <property name="user.country" value="CN"/>
    <property name="sun.boot.library.path" value="D:\devKit\JDK\jdk-17.0.15\bin"/>
    <property name="sun.java.command" value="C:\Users\Administrator\AppData\Local\Temp\surefire4287930550460540865\surefirebooter-20250819181926151_3.jar C:\Users\Administrator\AppData\Local\Temp\surefire4287930550460540865 2025-08-19T18-19-26_055-jvmRun1 surefire-20250819181926151_1tmp surefire_0-20250819181926151_2tmp"/>
    <property name="jdk.debug" value="release"/>
    <property name="surefire.test.class.path" value="D:\project\cat-books\cat-books-auth\target\test-classes;D:\project\cat-books\cat-books-auth\target\classes;D:\download\mavenRepository\org\springframework\boot\spring-boot-starter-web\3.0.2\spring-boot-starter-web-3.0.2.jar;D:\download\mavenRepository\org\springframework\boot\spring-boot-starter\3.0.2\spring-boot-starter-3.0.2.jar;D:\download\mavenRepository\org\springframework\boot\spring-boot\3.0.2\spring-boot-3.0.2.jar;D:\download\mavenRepository\org\springframework\boot\spring-boot-autoconfigure\3.0.2\spring-boot-autoconfigure-3.0.2.jar;D:\download\mavenRepository\org\springframework\boot\spring-boot-starter-logging\3.0.2\spring-boot-starter-logging-3.0.2.jar;D:\download\mavenRepository\ch\qos\logback\logback-classic\1.4.5\logback-classic-1.4.5.jar;D:\download\mavenRepository\ch\qos\logback\logback-core\1.4.5\logback-core-1.4.5.jar;D:\download\mavenRepository\org\apache\logging\log4j\log4j-to-slf4j\2.19.0\log4j-to-slf4j-2.19.0.jar;D:\download\mavenRepository\org\apache\logging\log4j\log4j-api\2.19.0\log4j-api-2.19.0.jar;D:\download\mavenRepository\org\slf4j\jul-to-slf4j\2.0.6\jul-to-slf4j-2.0.6.jar;D:\download\mavenRepository\jakarta\annotation\jakarta.annotation-api\2.1.1\jakarta.annotation-api-2.1.1.jar;D:\download\mavenRepository\org\yaml\snakeyaml\1.33\snakeyaml-1.33.jar;D:\download\mavenRepository\org\springframework\boot\spring-boot-starter-json\3.0.2\spring-boot-starter-json-3.0.2.jar;D:\download\mavenRepository\com\fasterxml\jackson\core\jackson-databind\2.14.1\jackson-databind-2.14.1.jar;D:\download\mavenRepository\com\fasterxml\jackson\core\jackson-annotations\2.14.1\jackson-annotations-2.14.1.jar;D:\download\mavenRepository\com\fasterxml\jackson\core\jackson-core\2.14.1\jackson-core-2.14.1.jar;D:\download\mavenRepository\com\fasterxml\jackson\datatype\jackson-datatype-jdk8\2.14.1\jackson-datatype-jdk8-2.14.1.jar;D:\download\mavenRepository\com\fasterxml\jackson\datatype\jackson-datatype-jsr310\2.14.1\jackson-datatype-jsr310-2.14.1.jar;D:\download\mavenRepository\com\fasterxml\jackson\module\jackson-module-parameter-names\2.14.1\jackson-module-parameter-names-2.14.1.jar;D:\download\mavenRepository\org\springframework\boot\spring-boot-starter-tomcat\3.0.2\spring-boot-starter-tomcat-3.0.2.jar;D:\download\mavenRepository\org\apache\tomcat\embed\tomcat-embed-core\10.1.5\tomcat-embed-core-10.1.5.jar;D:\download\mavenRepository\org\apache\tomcat\embed\tomcat-embed-el\10.1.5\tomcat-embed-el-10.1.5.jar;D:\download\mavenRepository\org\apache\tomcat\embed\tomcat-embed-websocket\10.1.5\tomcat-embed-websocket-10.1.5.jar;D:\download\mavenRepository\org\springframework\spring-web\6.0.4\spring-web-6.0.4.jar;D:\download\mavenRepository\org\springframework\spring-beans\6.0.4\spring-beans-6.0.4.jar;D:\download\mavenRepository\io\micrometer\micrometer-observation\1.10.3\micrometer-observation-1.10.3.jar;D:\download\mavenRepository\io\micrometer\micrometer-commons\1.10.3\micrometer-commons-1.10.3.jar;D:\download\mavenRepository\org\springframework\spring-webmvc\6.0.4\spring-webmvc-6.0.4.jar;D:\download\mavenRepository\org\springframework\spring-aop\6.0.4\spring-aop-6.0.4.jar;D:\download\mavenRepository\org\springframework\spring-context\6.0.4\spring-context-6.0.4.jar;D:\download\mavenRepository\org\springframework\spring-expression\6.0.4\spring-expression-6.0.4.jar;D:\download\mavenRepository\org\springframework\boot\spring-boot-starter-test\3.0.2\spring-boot-starter-test-3.0.2.jar;D:\download\mavenRepository\org\springframework\boot\spring-boot-test\3.0.2\spring-boot-test-3.0.2.jar;D:\download\mavenRepository\org\springframework\boot\spring-boot-test-autoconfigure\3.0.2\spring-boot-test-autoconfigure-3.0.2.jar;D:\download\mavenRepository\com\jayway\jsonpath\json-path\2.7.0\json-path-2.7.0.jar;D:\download\mavenRepository\net\minidev\json-smart\2.4.8\json-smart-2.4.8.jar;D:\download\mavenRepository\net\minidev\accessors-smart\2.4.8\accessors-smart-2.4.8.jar;D:\download\mavenRepository\org\ow2\asm\asm\9.1\asm-9.1.jar;D:\download\mavenRepository\org\slf4j\slf4j-api\2.0.6\slf4j-api-2.0.6.jar;D:\download\mavenRepository\jakarta\xml\bind\jakarta.xml.bind-api\4.0.0\jakarta.xml.bind-api-4.0.0.jar;D:\download\mavenRepository\jakarta\activation\jakarta.activation-api\2.1.1\jakarta.activation-api-2.1.1.jar;D:\download\mavenRepository\org\assertj\assertj-core\3.23.1\assertj-core-3.23.1.jar;D:\download\mavenRepository\net\bytebuddy\byte-buddy\1.12.22\byte-buddy-1.12.22.jar;D:\download\mavenRepository\org\hamcrest\hamcrest\2.2\hamcrest-2.2.jar;D:\download\mavenRepository\org\junit\jupiter\junit-jupiter\5.9.2\junit-jupiter-5.9.2.jar;D:\download\mavenRepository\org\junit\jupiter\junit-jupiter-api\5.9.2\junit-jupiter-api-5.9.2.jar;D:\download\mavenRepository\org\opentest4j\opentest4j\1.2.0\opentest4j-1.2.0.jar;D:\download\mavenRepository\org\junit\platform\junit-platform-commons\1.9.2\junit-platform-commons-1.9.2.jar;D:\download\mavenRepository\org\apiguardian\apiguardian-api\1.1.2\apiguardian-api-1.1.2.jar;D:\download\mavenRepository\org\junit\jupiter\junit-jupiter-params\5.9.2\junit-jupiter-params-5.9.2.jar;D:\download\mavenRepository\org\junit\jupiter\junit-jupiter-engine\5.9.2\junit-jupiter-engine-5.9.2.jar;D:\download\mavenRepository\org\junit\platform\junit-platform-engine\1.9.2\junit-platform-engine-1.9.2.jar;D:\download\mavenRepository\org\mockito\mockito-core\4.8.1\mockito-core-4.8.1.jar;D:\download\mavenRepository\net\bytebuddy\byte-buddy-agent\1.12.22\byte-buddy-agent-1.12.22.jar;D:\download\mavenRepository\org\objenesis\objenesis\3.2\objenesis-3.2.jar;D:\download\mavenRepository\org\mockito\mockito-junit-jupiter\4.8.1\mockito-junit-jupiter-4.8.1.jar;D:\download\mavenRepository\org\skyscreamer\jsonassert\1.5.1\jsonassert-1.5.1.jar;D:\download\mavenRepository\com\vaadin\external\google\android-json\0.0.20131108.vaadin1\android-json-0.0.20131108.vaadin1.jar;D:\download\mavenRepository\org\springframework\spring-core\6.0.4\spring-core-6.0.4.jar;D:\download\mavenRepository\org\springframework\spring-jcl\6.0.4\spring-jcl-6.0.4.jar;D:\download\mavenRepository\org\springframework\spring-test\6.0.4\spring-test-6.0.4.jar;D:\download\mavenRepository\org\xmlunit\xmlunit-core\2.9.1\xmlunit-core-2.9.1.jar;"/>
    <property name="sun.cpu.endian" value="little"/>
    <property name="user.home" value="C:\Users\Administrator"/>
    <property name="user.language" value="zh"/>
    <property name="java.specification.vendor" value="Oracle Corporation"/>
    <property name="java.version.date" value="2025-04-15"/>
    <property name="java.home" value="D:\devKit\JDK\jdk-17.0.15"/>
    <property name="file.separator" value="\"/>
    <property name="basedir" value="D:\project\cat-books\cat-books-auth"/>
    <property name="java.vm.compressedOopsMode" value="Zero based"/>
    <property name="line.separator" value="&#10;"/>
    <property name="java.vm.specification.vendor" value="Oracle Corporation"/>
    <property name="java.specification.name" value="Java Platform API Specification"/>
    <property name="FILE_LOG_CHARSET" value="GBK"/>
    <property name="java.awt.headless" value="true"/>
    <property name="surefire.real.class.path" value="C:\Users\Administrator\AppData\Local\Temp\surefire4287930550460540865\surefirebooter-20250819181926151_3.jar"/>
    <property name="user.script" value=""/>
    <property name="sun.management.compiler" value="HotSpot 64-Bit Tiered Compilers"/>
    <property name="java.runtime.version" value="17.0.15+9-LTS-241"/>
    <property name="user.name" value="Administrator"/>
    <property name="path.separator" value=";"/>
    <property name="os.version" value="10.0"/>
    <property name="java.runtime.name" value="Java(TM) SE Runtime Environment"/>
    <property name="file.encoding" value="GBK"/>
    <property name="java.vm.name" value="Java HotSpot(TM) 64-Bit Server VM"/>
    <property name="localRepository" value="D:\download\mavenRepository"/>
    <property name="java.vendor.url.bug" value="https://bugreport.java.com/bugreport/"/>
    <property name="java.io.tmpdir" value="C:\Users\ADMINI~1\AppData\Local\Temp\"/>
    <property name="idea.version" value="2025.1"/>
    <property name="java.version" value="17.0.15"/>
    <property name="user.dir" value="D:\project\cat-books\cat-books-auth"/>
    <property name="os.arch" value="amd64"/>
    <property name="java.vm.specification.name" value="Java Virtual Machine Specification"/>
    <property name="PID" value="16576"/>
    <property name="sun.os.patch.level" value=""/>
    <property name="CONSOLE_LOG_CHARSET" value="GBK"/>
    <property name="native.encoding" value="GBK"/>
    <property name="java.library.path" value="D:\devKit\JDK\jdk-17.0.15\bin;C:\Windows\Sun\Java\bin;C:\Windows\system32;C:\Windows;C:\Windows\system32;C:\Windows;C:\Windows\System32\Wbem;C:\Windows\System32\WindowsPowerShell\v1.0\;C:\Windows\System32\OpenSSH\;C:\Program Files\dotnet\;D:\devKit\Git\cmd;C:\Users\Administrator\AppData\Local\Microsoft\WindowsApps;;D:\inteKit\IntelliJ IDEA 2025.1\bin;;D:\inteKit\Microsoft VS Code\bin;."/>
    <property name="java.vm.info" value="mixed mode, sharing"/>
    <property name="java.vendor" value="Oracle Corporation"/>
    <property name="java.vm.version" value="17.0.15+9-LTS-241"/>
    <property name="java.specification.maintenance.version" value="1"/>
    <property name="sun.io.unicode.encoding" value="UnicodeLittle"/>
    <property name="maven.repo.local" value="D:\download\mavenRepository"/>
    <property name="java.class.version" value="61.0"/>
  </properties>
  <testcase name="contextLoads" classname="com.adorablecat.catbooks.auth.CatBooksAuthApplicationTests" time="0.354">
    <system-out><![CDATA[18:19:26.706 [main] DEBUG org.springframework.boot.test.context.SpringBootTestContextBootstrapper - Neither @ContextConfiguration nor @ContextHierarchy found for test class [CatBooksAuthApplicationTests]: using SpringBootContextLoader
18:19:26.709 [main] DEBUG org.springframework.test.context.support.AbstractContextLoader - Could not detect default resource locations for test class [com.adorablecat.catbooks.auth.CatBooksAuthApplicationTests]: no resource found for suffixes {-context.xml, Context.groovy}.
18:19:26.709 [main] INFO org.springframework.test.context.support.AnnotationConfigContextLoaderUtils - Could not detect default configuration classes for test class [com.adorablecat.catbooks.auth.CatBooksAuthApplicationTests]: CatBooksAuthApplicationTests does not declare any static, non-private, non-final, nested classes annotated with @Configuration.
18:19:26.727 [main] DEBUG org.springframework.boot.test.context.SpringBootTestContextBootstrapper - Using ContextCustomizers for test class [CatBooksAuthApplicationTests]: [ExcludeFilterContextCustomizer, DuplicateJsonObjectContextCustomizer, MockitoContextCustomizer, TestRestTemplateContextCustomizer, DisableObservabilityContextCustomizer, PropertyMappingContextCustomizer, Customizer]
18:19:26.782 [main] DEBUG org.springframework.context.annotation.ClassPathScanningCandidateComponentProvider - Identified candidate component class: file [D:\project\cat-books\cat-books-auth\target\classes\com\adorablecat\catbooks\auth\CatBooksAuthApplication.class]
18:19:26.783 [main] INFO org.springframework.boot.test.context.SpringBootTestContextBootstrapper - Found @SpringBootConfiguration com.adorablecat.catbooks.auth.CatBooksAuthApplication for test class com.adorablecat.catbooks.auth.CatBooksAuthApplicationTests
18:19:26.873 [main] DEBUG org.springframework.test.context.util.TestContextSpringFactoriesUtils - Skipping candidate TestExecutionListener [org.springframework.test.context.transaction.TransactionalTestExecutionListener] due to a missing dependency. Specify custom TestExecutionListener classes or make the default TestExecutionListener classes and their required dependencies available. Offending class: [org/springframework/transaction/TransactionDefinition]
18:19:26.874 [main] DEBUG org.springframework.test.context.util.TestContextSpringFactoriesUtils - Skipping candidate TestExecutionListener [org.springframework.test.context.jdbc.SqlScriptsTestExecutionListener] due to a missing dependency. Specify custom TestExecutionListener classes or make the default TestExecutionListener classes and their required dependencies available. Offending class: [org/springframework/transaction/interceptor/TransactionAttribute]
18:19:26.876 [main] DEBUG org.springframework.boot.test.context.SpringBootTestContextBootstrapper - Using TestExecutionListeners for test class [CatBooksAuthApplicationTests]: [ServletTestExecutionListener, DirtiesContextBeforeModesTestExecutionListener, ApplicationEventsTestExecutionListener, MockitoTestExecutionListener, DependencyInjectionTestExecutionListener, DirtiesContextTestExecutionListener, EventPublishingTestExecutionListener, ResetMocksTestExecutionListener, RestDocsTestExecutionListener, MockRestServiceServerResetTestExecutionListener, MockMvcPrintOnlyOnFailureTestExecutionListener, WebDriverTestExecutionListener, MockWebServiceServerTestExecutionListener]
18:19:26.877 [main] DEBUG org.springframework.test.context.support.AbstractDirtiesContextTestExecutionListener - Before test class: class [CatBooksAuthApplicationTests], class annotated with @DirtiesContext [false] with mode [null]

  .   ____          _            __ _ _
 /\\ / ___'_ __ _ _(_)_ __  __ _ \ \ \ \
( ( )\___ | '_ | '_| | '_ \/ _` | \ \ \ \
 \\/  ___)| |_)| | | | | || (_| |  ) ) ) )
  '  |____| .__|_| |_|_| |_\__, | / / / /
 =========|_|==============|___/=/_/_/_/
 :: Spring Boot ::                (v3.0.2)

2025-08-19T18:19:27.097+08:00  INFO 16576 --- [           main] c.a.c.auth.CatBooksAuthApplicationTests  : Starting CatBooksAuthApplicationTests using Java 17.0.15 with PID 16576 (started by Administrator in D:\project\cat-books\cat-books-auth)
2025-08-19T18:19:27.099+08:00  INFO 16576 --- [           main] c.a.c.auth.CatBooksAuthApplicationTests  : No active profile set, falling back to 1 default profile: "default"
2025-08-19T18:19:27.916+08:00  INFO 16576 --- [           main] c.a.c.auth.CatBooksAuthApplicationTests  : Started CatBooksAuthApplicationTests in 1.004 seconds (process running for 1.698)
]]></system-out>
  </testcase>
</testsuite>